<?xml version="1.0" encoding="UTF-8" ?>
<testsuite tests="12" failures="0" name="com.md.md.case1.TestScenarios" time="0.035" errors="0" skipped="0">
  <properties>
[...]
</properties>
  <testcase classname="com.md.md.case1.TestScenarios" name="rover_commander_test_failed_initial_values" time="0.024"/>
  <testcase classname="com.md.md.case1.TestScenarios" name="success_out_of_area_validation_test" time="0"/>
  <testcase classname="com.md.md.case1.TestScenarios" name="rover_commander_test_failed_initial_values_2" time="0"/>
  <testcase classname="com.md.md.case1.TestScenarios" name="success_overlap_validation_test" time="0"/>
  <testcase classname="com.md.md.case1.TestScenarios" name="direction_calculator_test" time="0"/>
  <testcase classname="com.md.md.case1.TestScenarios" name="failed_main_test" time="0.006"/>
  <testcase classname="com.md.md.case1.TestScenarios" name="rover_mover_test" time="0"/>
  <testcase classname="com.md.md.case1.TestScenarios" name="failed_out_of_area_validation_test" time="0"/>
  <testcase classname="com.md.md.case1.TestScenarios" name="failed_main_test_2" time="0.002"/>
  <testcase classname="com.md.md.case1.TestScenarios" name="failed_overlap_validation_test" time="0"/>
  <testcase classname="com.md.md.case1.TestScenarios" name="success_main_test" time="0.003"/>
  <testcase classname="com.md.md.case1.TestScenarios" name="rover_commander_test" time="0"/>
</testsuite>